# JRE version: OpenJDK Runtime Environment (16.0.2+7) (build 16.0.2+7-67)
# Java VM: OpenJDK 64-Bit Server VM (16.0.2+7-67, mixed mode, tiered, compressed oops, compressed class ptrs, g1 gc, windows-amd64)
GC Precious Log:
 CPUs: 8 total, 8 available
 Memory: 8025M
 Large Page Support: Disabled
 NUMA Support: Disabled
 Compressed Oops: Enabled (32-bit)
 Heap Region Size: 1M
 Heap Min Capacity: 8M
 Heap Initial Capacity: 126M
 Heap Max Capacity: 2008M
 Pre-touch: Disabled
 Parallel Workers: 8
 Concurrent Workers: 2
 Concurrent Refinement Workers: 8
 Periodic GC: Disabled
Heap:
 garbage-first heap   total 236544K, used 68571K [0x0000000082800000, 0x0000000100000000)
  region size 1024K, 3 young (3072K), 3 survivors (3072K)
 Metaspace       used 18659K, committed 18880K, reserved 1073152K
  class space    used 1705K, committed 1792K, reserved 1048576K
GC Heap History (20 events):
Event: 25.520 GC heap after
{Heap after GC invocations=23 (full 0):
 garbage-first heap   total 236544K, used 30006K [0x0000000082800000, 0x0000000100000000)
  region size 1024K, 11 young (11264K), 11 survivors (11264K)
 Metaspace       used 17493K, committed 17728K, reserved 1064960K
  class space    used 1635K, committed 1728K, reserved 1048576K
}
Event: 30.032 GC heap before
{Heap before GC invocations=23 (full 0):
 garbage-first heap   total 236544K, used 164150K [0x0000000082800000, 0x0000000100000000)
  region size 1024K, 138 young (141312K), 11 survivors (11264K)
 Metaspace       used 17610K, committed 17792K, reserved 1064960K
  class space    used 1636K, committed 1728K, reserved 1048576K
}
Event: 30.037 GC heap after
{Heap after GC invocations=24 (full 0):
 garbage-first heap   total 236544K, used 30999K [0x0000000082800000, 0x0000000100000000)
  region size 1024K, 10 young (10240K), 10 survivors (10240K)
 Metaspace       used 17610K, committed 17792K, reserved 1064960K
  class space    used 1636K, committed 1728K, reserved 1048576K
}
Event: 35.688 GC heap before
{Heap before GC invocations=24 (full 0):
 garbage-first heap   total 236544K, used 162071K [0x0000000082800000, 0x0000000100000000)
  region size 1024K, 138 young (141312K), 10 survivors (10240K)
 Metaspace       used 17773K, committed 17920K, reserved 1064960K
  class space    used 1636K, committed 1728K, reserved 1048576K
}
Event: 35.692 GC heap after
{Heap after GC invocations=25 (full 0):
 garbage-first heap   total 236544K, used 29175K [0x0000000082800000, 0x0000000100000000)
  region size 1024K, 7 young (7168K), 7 survivors (7168K)
 Metaspace       used 17773K, committed 17920K, reserved 1064960K
  class space    used 1636K, committed 1728K, reserved 1048576K
}
Event: 42.530 GC heap before
{Heap before GC invocations=25 (full 0):
 garbage-first heap   total 236544K, used 189943K [0x0000000082800000, 0x0000000100000000)
  region size 1024K, 138 young (141312K), 7 survivors (7168K)
 Metaspace       used 17809K, committed 17984K, reserved 1064960K
  class space    used 1638K, committed 1728K, reserved 1048576K
}
Event: 42.538 GC heap after
{Heap after GC invocations=26 (full 0):
 garbage-first heap   total 236544K, used 41070K [0x0000000082800000, 0x0000000100000000)
  region size 1024K, 15 young (15360K), 15 survivors (15360K)
 Metaspace       used 17809K, committed 17984K, reserved 1064960K
  class space    used 1638K, committed 1728K, reserved 1048576K
}
Event: 46.338 GC heap before
{Heap before GC invocations=26 (full 0):
 garbage-first heap   total 236544K, used 167022K [0x0000000082800000, 0x0000000100000000)
  region size 1024K, 138 young (141312K), 15 survivors (15360K)
 Metaspace       used 17868K, committed 18048K, reserved 1064960K
  class space    used 1638K, committed 1728K, reserved 1048576K
}
Event: 46.345 GC heap after
{Heap after GC invocations=27 (full 0):
 garbage-first heap   total 236544K, used 30813K [0x0000000082800000, 0x0000000100000000)
  region size 1024K, 5 young (5120K), 5 survivors (5120K)
 Metaspace       used 17868K, committed 18048K, reserved 1064960K
  class space    used 1638K, committed 1728K, reserved 1048576K
}
Event: 53.909 GC heap before
{Heap before GC invocations=27 (full 0):
 garbage-first heap   total 236544K, used 204893K [0x0000000082800000, 0x0000000100000000)
  region size 1024K, 137 young (140288K), 5 survivors (5120K)
 Metaspace       used 18642K, committed 18816K, reserved 1073152K
  class space    used 1705K, committed 1792K, reserved 1048576K
}
Event: 53.912 GC heap after
{Heap after GC invocations=28 (full 0):
 garbage-first heap   total 236544K, used 70265K [0x0000000082800000, 0x0000000100000000)
  region size 1024K, 4 young (4096K), 4 survivors (4096K)
 Metaspace       used 18642K, committed 18816K, reserved 1073152K
  class space    used 1705K, committed 1792K, reserved 1048576K
}
Event: 53.922 GC heap before
{Heap before GC invocations=28 (full 0):
 garbage-first heap   total 236544K, used 110201K [0x0000000082800000, 0x0000000100000000)
  region size 1024K, 5 young (5120K), 4 survivors (4096K)
 Metaspace       used 18646K, committed 18816K, reserved 1073152K
  class space    used 1705K, committed 1792K, reserved 1048576K
}
Event: 53.924 GC heap after
{Heap after GC invocations=29 (full 0):
 garbage-first heap   total 236544K, used 68571K [0x0000000082800000, 0x0000000100000000)
  region size 1024K, 3 young (3072K), 3 survivors (3072K)
 Metaspace       used 18646K, committed 18816K, reserved 1073152K
  class space    used 1705K, committed 1792K, reserved 1048576K
}
Event: 53.944 GC heap before
{Heap before GC invocations=29 (full 0):
 garbage-first heap   total 236544K, used 108507K [0x0000000082800000, 0x0000000100000000)
  region size 1024K, 4 young (4096K), 3 survivors (3072K)
 Metaspace       used 18646K, committed 18816K, reserved 1073152K
  class space    used 1705K, committed 1792K, reserved 1048576K
}
Event: 53.946 GC heap after
{Heap after GC invocations=30 (full 0):
 garbage-first heap   total 236544K, used 68545K [0x0000000082800000, 0x0000000100000000)
  region size 1024K, 3 young (3072K), 3 survivors (3072K)
 Metaspace       used 18646K, committed 18816K, reserved 1073152K
  class space    used 1705K, committed 1792K, reserved 1048576K
}
Event: 53.958 GC heap before
{Heap before GC invocations=30 (full 0):
 garbage-first heap   total 236544K, used 108481K [0x0000000082800000, 0x0000000100000000)
  region size 1024K, 4 young (4096K), 3 survivors (3072K)
 Metaspace       used 18659K, committed 18880K, reserved 1073152K
  class space    used 1705K, committed 1792K, reserved 1048576K
}
Event: 53.959 GC heap after
{Heap after GC invocations=31 (full 0):
 garbage-first heap   total 236544K, used 68475K [0x0000000082800000, 0x0000000100000000)
  region size 1024K, 3 young (3072K), 3 survivors (3072K)
 Metaspace       used 18659K, committed 18880K, reserved 1073152K
  class space    used 1705K, committed 1792K, reserved 1048576K
}
Event: 53.970 GC heap before
{Heap before GC invocations=31 (full 0):
 garbage-first heap   total 236544K, used 108411K [0x0000000082800000, 0x0000000100000000)
  region size 1024K, 4 young (4096K), 3 survivors (3072K)
 Metaspace       used 18659K, committed 18880K, reserved 1073152K
  class space    used 1705K, committed 1792K, reserved 1048576K
}
Event: 53.972 GC heap after
{Heap after GC invocations=32 (full 0):
 garbage-first heap   total 236544K, used 68557K [0x0000000082800000, 0x0000000100000000)
  region size 1024K, 3 young (3072K), 3 survivors (3072K)
 Metaspace       used 18659K, committed 18880K, reserved 1073152K
  class space    used 1705K, committed 1792K, reserved 1048576K
}
Event: 53.982 GC heap before
{Heap before GC invocations=32 (full 0):
 garbage-first heap   total 236544K, used 108493K [0x0000000082800000, 0x0000000100000000)
  region size 1024K, 4 young (4096K), 3 survivors (3072K)
 Metaspace       used 18659K, committed 18880K, reserved 1073152K
  class space    used 1705K, committed 1792K, reserved 1048576K
}

